  testadd_temp.c
c:\school\so - meteo\testadd_temp.c(1): error C2143: syntax error: missing ')' before 'constant'
c:\school\so - meteo\testadd_temp.c(1): error C2143: syntax error: missing '{' before 'constant'
c:\school\so - meteo\testadd_temp.c(1): error C2059: syntax error: 'constant'
c:\school\so - meteo\testadd_temp.c(1): error C2059: syntax error: ')'
c:\school\so - meteo\testadd_temp.c(2): error C2143: syntax error: missing ')' before 'constant'
c:\school\so - meteo\testadd_temp.c(2): error C2143: syntax error: missing '{' before 'constant'
c:\school\so - meteo\testadd_temp.c(2): error C2059: syntax error: 'constant'
c:\school\so - meteo\testadd_temp.c(2): error C2059: syntax error: ')'
c:\school\so - meteo\testadd_temp.c(3): error C2143: syntax error: missing ')' before 'constant'
c:\school\so - meteo\testadd_temp.c(3): error C2143: syntax error: missing '{' before 'constant'
c:\school\so - meteo\testadd_temp.c(3): error C2059: syntax error: 'constant'
c:\school\so - meteo\testadd_temp.c(3): error C2059: syntax error: ')'
c:\school\so - meteo\testadd_temp.c(4): error C2143: syntax error: missing ')' before 'constant'
c:\school\so - meteo\testadd_temp.c(4): error C2143: syntax error: missing '{' before 'constant'
c:\school\so - meteo\testadd_temp.c(4): error C2059: syntax error: 'constant'
c:\school\so - meteo\testadd_temp.c(4): error C2059: syntax error: ')'
c:\school\so - meteo\testadd_temp.c(5): error C2143: syntax error: missing ')' before 'constant'
c:\school\so - meteo\testadd_temp.c(5): error C2143: syntax error: missing '{' before 'constant'
c:\school\so - meteo\testadd_temp.c(5): error C2059: syntax error: 'constant'
c:\school\so - meteo\testadd_temp.c(5): error C2059: syntax error: ')'
c:\school\so - meteo\testadd_temp.c(6): error C2143: syntax error: missing ')' before 'constant'
c:\school\so - meteo\testadd_temp.c(6): error C2143: syntax error: missing '{' before 'constant'
c:\school\so - meteo\testadd_temp.c(6): error C2059: syntax error: 'constant'
c:\school\so - meteo\testadd_temp.c(6): error C2059: syntax error: ')'
c:\school\so - meteo\testadd_temp.c(7): error C2143: syntax error: missing ')' before 'constant'
c:\school\so - meteo\testadd_temp.c(7): error C2143: syntax error: missing '{' before 'constant'
c:\school\so - meteo\testadd_temp.c(7): error C2059: syntax error: 'constant'
c:\school\so - meteo\testadd_temp.c(7): error C2059: syntax error: ')'
c:\school\so - meteo\testadd_temp.c(8): error C2143: syntax error: missing ')' before 'constant'
c:\school\so - meteo\testadd_temp.c(8): error C2143: syntax error: missing '{' before 'constant'
c:\school\so - meteo\testadd_temp.c(8): error C2059: syntax error: 'constant'
c:\school\so - meteo\testadd_temp.c(8): error C2059: syntax error: ')'
c:\school\so - meteo\testadd_temp.c(9): error C2143: syntax error: missing ')' before 'constant'
c:\school\so - meteo\testadd_temp.c(9): error C2143: syntax error: missing '{' before 'constant'
c:\school\so - meteo\testadd_temp.c(9): error C2059: syntax error: 'constant'
c:\school\so - meteo\testadd_temp.c(9): error C2059: syntax error: ')'
c:\school\so - meteo\testadd_temp.c(10): error C2143: syntax error: missing ')' before 'constant'
c:\school\so - meteo\testadd_temp.c(10): error C2143: syntax error: missing '{' before 'constant'
c:\school\so - meteo\testadd_temp.c(10): error C2059: syntax error: 'constant'
c:\school\so - meteo\testadd_temp.c(10): error C2059: syntax error: ')'
c:\school\so - meteo\testadd_temp.c(11): error C2143: syntax error: missing ')' before 'constant'
c:\school\so - meteo\testadd_temp.c(11): error C2143: syntax error: missing '{' before 'constant'
c:\school\so - meteo\testadd_temp.c(11): error C2059: syntax error: 'constant'
c:\school\so - meteo\testadd_temp.c(11): error C2059: syntax error: ')'
c:\school\so - meteo\testadd_temp.c(12): error C2143: syntax error: missing ')' before 'constant'
c:\school\so - meteo\testadd_temp.c(12): error C2143: syntax error: missing '{' before 'constant'
c:\school\so - meteo\testadd_temp.c(12): error C2059: syntax error: 'constant'
c:\school\so - meteo\testadd_temp.c(12): error C2059: syntax error: ')'
c:\school\so - meteo\testadd_temp.c(13): error C2143: syntax error: missing ')' before 'constant'
c:\school\so - meteo\testadd_temp.c(13): error C2143: syntax error: missing '{' before 'constant'
c:\school\so - meteo\testadd_temp.c(13): error C2059: syntax error: 'constant'
c:\school\so - meteo\testadd_temp.c(13): error C2059: syntax error: ')'
c:\school\so - meteo\testadd_temp.c(14): error C2143: syntax error: missing ')' before 'constant'
c:\school\so - meteo\testadd_temp.c(14): error C2143: syntax error: missing '{' before 'constant'
c:\school\so - meteo\testadd_temp.c(14): error C2059: syntax error: 'constant'
c:\school\so - meteo\testadd_temp.c(14): error C2059: syntax error: ')'
c:\school\so - meteo\testadd_temp.c(15): error C2143: syntax error: missing ')' before 'constant'
c:\school\so - meteo\testadd_temp.c(15): error C2143: syntax error: missing '{' before 'constant'
c:\school\so - meteo\testadd_temp.c(15): error C2059: syntax error: 'constant'
c:\school\so - meteo\testadd_temp.c(15): error C2059: syntax error: ')'
c:\school\so - meteo\testadd_temp.c(16): error C2143: syntax error: missing ')' before 'constant'
c:\school\so - meteo\testadd_temp.c(16): error C2143: syntax error: missing '{' before 'constant'
c:\school\so - meteo\testadd_temp.c(16): error C2059: syntax error: 'constant'
c:\school\so - meteo\testadd_temp.c(16): error C2059: syntax error: ')'
c:\school\so - meteo\testadd_temp.c(17): error C2143: syntax error: missing ')' before 'constant'
c:\school\so - meteo\testadd_temp.c(17): error C2143: syntax error: missing '{' before 'constant'
c:\school\so - meteo\testadd_temp.c(17): error C2059: syntax error: 'constant'
c:\school\so - meteo\testadd_temp.c(17): error C2059: syntax error: ')'
c:\school\so - meteo\testadd_temp.c(18): error C2143: syntax error: missing ')' before 'constant'
c:\school\so - meteo\testadd_temp.c(18): error C2143: syntax error: missing '{' before 'constant'
c:\school\so - meteo\testadd_temp.c(18): error C2059: syntax error: 'constant'
c:\school\so - meteo\testadd_temp.c(18): error C2059: syntax error: ')'
c:\school\so - meteo\testadd_temp.c(19): error C2143: syntax error: missing ')' before 'constant'
c:\school\so - meteo\testadd_temp.c(19): error C2143: syntax error: missing '{' before 'constant'
c:\school\so - meteo\testadd_temp.c(19): error C2059: syntax error: 'constant'
c:\school\so - meteo\testadd_temp.c(19): error C2059: syntax error: ')'
c:\school\so - meteo\testadd_temp.c(20): error C2143: syntax error: missing ')' before 'constant'
c:\school\so - meteo\testadd_temp.c(20): error C2143: syntax error: missing '{' before 'constant'
c:\school\so - meteo\testadd_temp.c(20): error C2059: syntax error: 'constant'
c:\school\so - meteo\testadd_temp.c(20): error C2059: syntax error: ')'
c:\school\so - meteo\testadd_temp.c(21): error C2143: syntax error: missing ')' before 'constant'
c:\school\so - meteo\testadd_temp.c(21): error C2143: syntax error: missing '{' before 'constant'
c:\school\so - meteo\testadd_temp.c(21): error C2059: syntax error: 'constant'
c:\school\so - meteo\testadd_temp.c(21): error C2059: syntax error: ')'
c:\school\so - meteo\testadd_temp.c(22): error C2143: syntax error: missing ')' before 'constant'
c:\school\so - meteo\testadd_temp.c(22): error C2143: syntax error: missing '{' before 'constant'
c:\school\so - meteo\testadd_temp.c(22): error C2059: syntax error: 'constant'
c:\school\so - meteo\testadd_temp.c(22): error C2059: syntax error: ')'
c:\school\so - meteo\testadd_temp.c(23): error C2143: syntax error: missing ')' before 'constant'
c:\school\so - meteo\testadd_temp.c(23): error C2143: syntax error: missing '{' before 'constant'
c:\school\so - meteo\testadd_temp.c(23): error C2059: syntax error: 'constant'
c:\school\so - meteo\testadd_temp.c(23): error C2059: syntax error: ')'
c:\school\so - meteo\testadd_temp.c(24): error C2143: syntax error: missing ')' before 'constant'
c:\school\so - meteo\testadd_temp.c(24): error C2143: syntax error: missing '{' before 'constant'
c:\school\so - meteo\testadd_temp.c(24): error C2059: syntax error: 'constant'
c:\school\so - meteo\testadd_temp.c(24): error C2059: syntax error: ')'
c:\school\so - meteo\testadd_temp.c(25): error C2143: syntax error: missing ')' before 'constant'
c:\school\so - meteo\testadd_temp.c(25): error C2143: syntax error: missing '{' before 'constant'
c:\school\so - meteo\testadd_temp.c(25): error C2059: syntax error: 'constant'
c:\school\so - meteo\testadd_temp.c(25): error C2059: syntax error: ')'
c:\school\so - meteo\testadd_temp.c(26): error C2143: syntax error: missing ')' before 'constant'
c:\school\so - meteo\testadd_temp.c(26): fatal error C1003: error count exceeds 100; stopping compilation
  tempclient.c
c:\school\so - meteo\asciiesc.h(7): fatal error C1083: Cannot open include file: 'strings.h': No such file or directory
  servidor.c
c:\school\so - meteo\asciiesc.h(7): fatal error C1083: Cannot open include file: 'strings.h': No such file or directory
  Generating Code...
